The system is: Windows - 6.2 - AMD64
Compiling the C compiler identification source file "CMakeCCompilerId.c" succeeded.
Compiler:  
Build flags: 
Id flags: 

The output was:
0

Microsoft (R) Visual Studio Version 9.0.21022.8.
Copyright (C) Microsoft Corp. All rights reserved.
1>------ Build started: Project: CompilerIdC, Configuration: Debug Win32 ------
1>Compiling...
1>CMakeCCompilerId.c
1>Linking...
1>Embedding manifest...
1>Performing Post-Build Event...
1>CMAKE_C_COMPILER=C:\Program Files (x86)\Microsoft Visual Studio 9.0\VC\bin\cl.exe
1>Build log was saved at "file://e:\WardWiz_Developement\WardWizCrashHandler\x86\CMakeFiles\3.0.0\CompilerIdC\Debug\BuildLog.htm"
1>CompilerIdC - 0 error(s), 0 warning(s)
========== Build: 1 succeeded, 0 failed, 0 up-to-date, 0 skipped ==========


Compilation of the C compiler identification source "CMakeCCompilerId.c" produced "CompilerIdC.exe"

Compilation of the C compiler identification source "CMakeCCompilerId.c" produced "CompilerIdC.vcproj"

The C compiler identification is MSVC, found in "E:/WardWiz_Developement/WardWizCrashHandler/x86/CMakeFiles/3.0.0/CompilerIdC/CompilerIdC.exe"

Compiling the CXX compiler identification source file "CMakeCXXCompilerId.cpp" succeeded.
Compiler:  
Build flags: 
Id flags: 

The output was:
0

Microsoft (R) Visual Studio Version 9.0.21022.8.
Copyright (C) Microsoft Corp. All rights reserved.
1>------ Build started: Project: CompilerIdCXX, Configuration: Debug Win32 ------
1>Compiling...
1>CMakeCXXCompilerId.cpp
1>Linking...
1>Embedding manifest...
1>Performing Post-Build Event...
1>CMAKE_CXX_COMPILER=C:\Program Files (x86)\Microsoft Visual Studio 9.0\VC\bin\cl.exe
1>Build log was saved at "file://e:\WardWiz_Developement\WardWizCrashHandler\x86\CMakeFiles\3.0.0\CompilerIdCXX\Debug\BuildLog.htm"
1>CompilerIdCXX - 0 error(s), 0 warning(s)
========== Build: 1 succeeded, 0 failed, 0 up-to-date, 0 skipped ==========


Compilation of the CXX compiler identification source "CMakeCXXCompilerId.cpp" produced "CompilerIdCXX.exe"

Compilation of the CXX compiler identification source "CMakeCXXCompilerId.cpp" produced "CompilerIdCXX.vcproj"

The CXX compiler identification is MSVC, found in "E:/WardWiz_Developement/WardWizCrashHandler/x86/CMakeFiles/3.0.0/CompilerIdCXX/CompilerIdCXX.exe"

Determining if the C compiler works passed with the following output:
Change Dir: E:/WardWiz_Developement/WardWizCrashHandler/x86/CMakeFiles/CMakeTmp

Run Build Command:"C:/Program Files (x86)/Microsoft Visual Studio 9.0/Common7/IDE/devenv.com" "CMAKE_TRY_COMPILE.sln" "/build" "Debug" "/project" "cmTryCompileExec3638168459"


Microsoft (R) Visual Studio Version 9.0.21022.8.

Copyright (C) Microsoft Corp. All rights reserved.

1>------ Build started: Project: cmTryCompileExec3638168459, Configuration: Debug Win32 ------

1>Compiling...

1>Microsoft (R) 32-bit C/C++ Optimizing Compiler Version 15.00.21022.08 for 80x86

1>Copyright (C) Microsoft Corporation.  All rights reserved.

1>cl /Od /D "WIN32" /D "_WINDOWS" /D "_DEBUG" /D "CMAKE_INTDIR=\"Debug\"" /D "_MBCS" /FD /RTC1 /MDd /Fo"cmTryCompileExec3638168459.dir\Debug\\" /Fd"cmTryCompileExec3638168459.dir\Debug\vc90.pdb" /W3 /c /Zi /TC .\testCCompiler.c

1>testCCompiler.c

1>Compiling manifest to resources...

1>Microsoft (R) Windows (R) Resource Compiler Version 6.0.5724.0

1>Copyright (C) Microsoft Corporation.  All rights reserved.

1>Linking...

1>Embedding manifest...

1>Microsoft (R) Windows (R) Resource Compiler Version 6.0.5724.0

1>Copyright (C) Microsoft Corporation.  All rights reserved.

1>Build log was saved at "file://e:\WardWiz_Developement\WardWizCrashHandler\x86\CMakeFiles\CMakeTmp\cmTryCompileExec3638168459.dir\Debug\BuildLog.htm"

1>cmTryCompileExec3638168459 - 0 error(s), 0 warning(s)

========== Build: 1 succeeded, 0 failed, 0 up-to-date, 0 skipped ==========



Detecting C compiler ABI info compiled with the following output:
Change Dir: E:/WardWiz_Developement/WardWizCrashHandler/x86/CMakeFiles/CMakeTmp

Run Build Command:"C:/Program Files (x86)/Microsoft Visual Studio 9.0/Common7/IDE/devenv.com" "CMAKE_TRY_COMPILE.sln" "/build" "Debug" "/project" "cmTryCompileExec1057585739"


Microsoft (R) Visual Studio Version 9.0.21022.8.

Copyright (C) Microsoft Corp. All rights reserved.

1>------ Build started: Project: cmTryCompileExec1057585739, Configuration: Debug Win32 ------

1>Compiling...

1>Microsoft (R) 32-bit C/C++ Optimizing Compiler Version 15.00.21022.08 for 80x86

1>Copyright (C) Microsoft Corporation.  All rights reserved.

1>cl /Od /D "WIN32" /D "_WINDOWS" /D "_DEBUG" /D "CMAKE_INTDIR=\"Debug\"" /D "_MBCS" /FD /RTC1 /MDd /Fo"cmTryCompileExec1057585739.dir\Debug\\" /Fd"cmTryCompileExec1057585739.dir\Debug\vc90.pdb" /W3 /c /Zi /TC "C:\Program Files (x86)\CMake\share\cmake-3.0\Modules\CMakeCCompilerABI.c"

1>CMakeCCompilerABI.c

1>Compiling manifest to resources...

1>Microsoft (R) Windows (R) Resource Compiler Version 6.0.5724.0

1>Copyright (C) Microsoft Corporation.  All rights reserved.

1>Linking...

1>Embedding manifest...

1>Microsoft (R) Windows (R) Resource Compiler Version 6.0.5724.0

1>Copyright (C) Microsoft Corporation.  All rights reserved.

1>Build log was saved at "file://e:\WardWiz_Developement\WardWizCrashHandler\x86\CMakeFiles\CMakeTmp\cmTryCompileExec1057585739.dir\Debug\BuildLog.htm"

1>cmTryCompileExec1057585739 - 0 error(s), 0 warning(s)

========== Build: 1 succeeded, 0 failed, 0 up-to-date, 0 skipped ==========



Determining if the CXX compiler works passed with the following output:
Change Dir: E:/WardWiz_Developement/WardWizCrashHandler/x86/CMakeFiles/CMakeTmp

Run Build Command:"C:/Program Files (x86)/Microsoft Visual Studio 9.0/Common7/IDE/devenv.com" "CMAKE_TRY_COMPILE.sln" "/build" "Debug" "/project" "cmTryCompileExec3804614827"


Microsoft (R) Visual Studio Version 9.0.21022.8.

Copyright (C) Microsoft Corp. All rights reserved.

1>------ Build started: Project: cmTryCompileExec3804614827, Configuration: Debug Win32 ------

1>Compiling...

1>Microsoft (R) 32-bit C/C++ Optimizing Compiler Version 15.00.21022.08 for 80x86

1>Copyright (C) Microsoft Corporation.  All rights reserved.

1>cl /Od /D "WIN32" /D "_WINDOWS" /D "_DEBUG" /D "CMAKE_INTDIR=\"Debug\"" /D "_MBCS" /FD /EHsc /RTC1 /MDd /Fo"cmTryCompileExec3804614827.dir\Debug\\" /Fd"cmTryCompileExec3804614827.dir\Debug\vc90.pdb" /W3 /c /Zi /TP .\testCXXCompiler.cxx

1>testCXXCompiler.cxx

1>Compiling manifest to resources...

1>Microsoft (R) Windows (R) Resource Compiler Version 6.0.5724.0

1>Copyright (C) Microsoft Corporation.  All rights reserved.

1>Linking...

1>Embedding manifest...

1>Microsoft (R) Windows (R) Resource Compiler Version 6.0.5724.0

1>Copyright (C) Microsoft Corporation.  All rights reserved.

1>Build log was saved at "file://e:\WardWiz_Developement\WardWizCrashHandler\x86\CMakeFiles\CMakeTmp\cmTryCompileExec3804614827.dir\Debug\BuildLog.htm"

1>cmTryCompileExec3804614827 - 0 error(s), 0 warning(s)

========== Build: 1 succeeded, 0 failed, 0 up-to-date, 0 skipped ==========



Detecting CXX compiler ABI info compiled with the following output:
Change Dir: E:/WardWiz_Developement/WardWizCrashHandler/x86/CMakeFiles/CMakeTmp

Run Build Command:"C:/Program Files (x86)/Microsoft Visual Studio 9.0/Common7/IDE/devenv.com" "CMAKE_TRY_COMPILE.sln" "/build" "Debug" "/project" "cmTryCompileExec3768640433"


Microsoft (R) Visual Studio Version 9.0.21022.8.

Copyright (C) Microsoft Corp. All rights reserved.

1>------ Build started: Project: cmTryCompileExec3768640433, Configuration: Debug Win32 ------

1>Compiling...

1>Microsoft (R) 32-bit C/C++ Optimizing Compiler Version 15.00.21022.08 for 80x86

1>Copyright (C) Microsoft Corporation.  All rights reserved.

1>cl /Od /D "WIN32" /D "_WINDOWS" /D "_DEBUG" /D "CMAKE_INTDIR=\"Debug\"" /D "_MBCS" /FD /EHsc /RTC1 /MDd /Fo"cmTryCompileExec3768640433.dir\Debug\\" /Fd"cmTryCompileExec3768640433.dir\Debug\vc90.pdb" /W3 /c /Zi /TP "C:\Program Files (x86)\CMake\share\cmake-3.0\Modules\CMakeCXXCompilerABI.cpp"

1>CMakeCXXCompilerABI.cpp

1>Compiling manifest to resources...

1>Microsoft (R) Windows (R) Resource Compiler Version 6.0.5724.0

1>Copyright (C) Microsoft Corporation.  All rights reserved.

1>Linking...

1>Embedding manifest...

1>Microsoft (R) Windows (R) Resource Compiler Version 6.0.5724.0

1>Copyright (C) Microsoft Corporation.  All rights reserved.

1>Build log was saved at "file://e:\WardWiz_Developement\WardWizCrashHandler\x86\CMakeFiles\CMakeTmp\cmTryCompileExec3768640433.dir\Debug\BuildLog.htm"

1>cmTryCompileExec3768640433 - 0 error(s), 0 warning(s)

========== Build: 1 succeeded, 0 failed, 0 up-to-date, 0 skipped ==========



